[debug] ----------------------------------------------------------------------
[debug] Command:      C:\Program Files\nodejs\node.exe C:\Users\user\AppData\Roaming\npm\node_modules\firebase-tools\bin\firebase serve -p 80
[debug] CLI Version:  3.6.0
[debug] Platform:     win32
[debug] Node Version: v6.10.2
[debug] Time:         Tue Apr 11 2017 21:31:34 GMT+0000 (Greenwich Standard Time)
[debug] ----------------------------------------------------------------------
[debug] 
[debug] > command requires scopes: ["email","openid","https://www.googleapis.com/auth/cloudplatformprojects.readonly","https://www.googleapis.com/auth/firebase","https://www.googleapis.com/auth/cloud-platform"]
[debug] > refreshing access token with scopes: ["email","https://www.googleapis.com/auth/cloud-platform","https://www.googleapis.com/auth/cloudplatformprojects.readonly","https://www.googleapis.com/auth/firebase","openid"]
[debug] >>> HTTP REQUEST POST https://www.googleapis.com/oauth2/v3/token { refresh_token: '1/D8WD3wBP6QpmztElXkpdkKILxhPAHwmuwJU1SfunRdc',
  client_id: '563584335869-fgrhgmd47bqnekij5i8b5pr03ho849e6.apps.googleusercontent.com',
  client_secret: 'j9iVZfS8kkCEFUPaAeJV0sAi',
  grant_type: 'refresh_token',
  scope: 'email https://www.googleapis.com/auth/cloud-platform https://www.googleapis.com/auth/cloudplatformprojects.readonly https://www.googleapis.com/auth/firebase openid' } 
 Tue Apr 11 2017 21:31:34 GMT+0000 (Greenwich Standard Time)
[debug] <<< HTTP RESPONSE 200
[debug] >>> HTTP REQUEST GET https://admin.firebase.com/v1/projects/capstone-project-applied-proj  
 Tue Apr 11 2017 21:31:35 GMT+0000 (Greenwich Standard Time)
[debug] <<< HTTP RESPONSE 200
[debug] >>> HTTP REQUEST GET https://admin.firebase.com/v1/database/capstone-project-applied-proj/tokens  
 Tue Apr 11 2017 21:31:37 GMT+0000 (Greenwich Standard Time)
[debug] <<< HTTP RESPONSE 200
[info] Starting Firebase development server...
[info] 
[info] Project Directory: C:\xampp\htdocs\AshCanteenII
[debug] >>> HTTP REQUEST GET https://cloudresourcemanager.googleapis.com/v1/projects/capstone-project-applied-proj  
 Tue Apr 11 2017 21:31:38 GMT+0000 (Greenwich Standard Time)
[debug] <<< HTTP RESPONSE 200
[debug] >>> HTTP REQUEST GET https://mobilesdk-pa.googleapis.com/v1/projects/754159741664/clients/_:getWebAppConfig  
 Tue Apr 11 2017 21:31:40 GMT+0000 (Greenwich Standard Time)
[debug] <<< HTTP RESPONSE 200
[info] Public Directory: ./
[info] 
[info] Server listening at: http://localhost:80
